Repository 'mba6(PCRC-DU9J1489H4)', 'C:\Users\hugo.danielson\Documents\WorkVisual 6.0\Repositories\mba6(PCRC-DU9J1489H4)'
====================================================================================================

2020-11-18 05:06:25.979 PM | RENAMED | C:\Users\hugo.danielson\Documents\WorkVisual 6.0\Repositories\mba6(PCRC-DU9J1489H4)\.git\objects\f4\35e2dd3693bbb1f236df8f7674c9b6c54b208a | C:\Users\hugo.danielson\Documents\WorkVisual 6.0\Repositories\mba6(PCRC-DU9J1489H4)\.git\objects\f4\tmp_obj_bq4b9f
2020-11-18 05:06:25.979 PM | CHANGED | C:\Users\hugo.danielson\Documents\WorkVisual 6.0\Repositories\mba6(PCRC-DU9J1489H4)\.git\objects\f4
2020-11-18 05:06:25.979 PM | CHANGED | C:\Users\hugo.danielson\Documents\WorkVisual 6.0\Repositories\mba6(PCRC-DU9J1489H4)\.git\index.lock
2020-11-18 05:06:25.984 PM | DELETED | C:\Users\hugo.danielson\Documents\WorkVisual 6.0\Repositories\mba6(PCRC-DU9J1489H4)\.git\index.lock
2020-11-18 05:06:25.984 PM | CHANGED | C:\Users\hugo.danielson\Documents\WorkVisual 6.0\Repositories\mba6(PCRC-DU9J1489H4)\.git\index
2020-11-18 05:06:25.984 PM | CHANGED | C:\Users\hugo.danielson\Documents\WorkVisual 6.0\Repositories\mba6(PCRC-DU9J1489H4)\.git
2020-11-18 05:06:25.984 PM | CHANGED | C:\Users\hugo.danielson\Documents\WorkVisual 6.0\Repositories\mba6(PCRC-DU9J1489H4)\.git\COMMIT_EDITMSG
2020-11-18 05:06:25.984 PM | CHANGED | C:\Users\hugo.danielson\Documents\WorkVisual 6.0\Repositories\mba6(PCRC-DU9J1489H4)\.git\COMMIT_EDITMSG
2020-11-18 05:06:25.985 PM | CREATED | C:\Users\hugo.danielson\Documents\WorkVisual 6.0\Repositories\mba6(PCRC-DU9J1489H4)\.git\objects\40\tmp_obj_jWmU6j
2020-11-18 05:06:25.986 PM | CHANGED | C:\Users\hugo.danielson\Documents\WorkVisual 6.0\Repositories\mba6(PCRC-DU9J1489H4)\.git\objects\40\tmp_obj_jWmU6j
2020-11-18 05:06:25.987 PM | CHANGED | C:\Users\hugo.danielson\Documents\WorkVisual 6.0\Repositories\mba6(PCRC-DU9J1489H4)\.git\objects\40
2020-11-18 05:06:25.989 PM | RENAMED | C:\Users\hugo.danielson\Documents\WorkVisual 6.0\Repositories\mba6(PCRC-DU9J1489H4)\.git\objects\40\b332f749d605b2129105a2a68848c22590da36 | C:\Users\hugo.danielson\Documents\WorkVisual 6.0\Repositories\mba6(PCRC-DU9J1489H4)\.git\objects\40\tmp_obj_jWmU6j
2020-11-18 05:06:25.989 PM | CHANGED | C:\Users\hugo.danielson\Documents\WorkVisual 6.0\Repositories\mba6(PCRC-DU9J1489H4)\.git\objects\40
2020-11-18 05:06:25.989 PM | CREATED | C:\Users\hugo.danielson\Documents\WorkVisual 6.0\Repositories\mba6(PCRC-DU9J1489H4)\.git\HEAD.lock
2020-11-18 05:06:25.990 PM | CHANGED | C:\Users\hugo.danielson\Documents\WorkVisual 6.0\Repositories\mba6(PCRC-DU9J1489H4)\.git
2020-11-18 05:06:25.990 PM | CREATED | C:\Users\hugo.danielson\Documents\WorkVisual 6.0\Repositories\mba6(PCRC-DU9J1489H4)\.git\refs\heads\CleanCut.lock
2020-11-18 05:06:25.991 PM | CHANGED | C:\Users\hugo.danielson\Documents\WorkVisual 6.0\Repositories\mba6(PCRC-DU9J1489H4)\.git\refs\heads\CleanCut.lock
2020-11-18 05:06:25.991 PM | CHANGED | C:\Users\hugo.danielson\Documents\WorkVisual 6.0\Repositories\mba6(PCRC-DU9J1489H4)\.git\logs\HEAD
2020-11-18 05:06:25.991 PM | CHANGED | C:\Users\hugo.danielson\Documents\WorkVisual 6.0\Repositories\mba6(PCRC-DU9J1489H4)\.git\logs\refs\heads\CleanCut
2020-11-18 05:06:25.991 PM | CHANGED | C:\Users\hugo.danielson\Documents\WorkVisual 6.0\Repositories\mba6(PCRC-DU9J1489H4)\.git\refs\heads
2020-11-18 05:06:25.993 PM | DELETED | C:\Users\hugo.danielson\Documents\WorkVisual 6.0\Repositories\mba6(PCRC-DU9J1489H4)\.git\refs\heads\CleanCut.lock
2020-11-18 05:06:25.993 PM | CHANGED | C:\Users\hugo.danielson\Documents\WorkVisual 6.0\Repositories\mba6(PCRC-DU9J1489H4)\.git\refs\heads\CleanCut
2020-11-18 05:06:25.993 PM | CHANGED | C:\Users\hugo.danielson\Documents\WorkVisual 6.0\Repositories\mba6(PCRC-DU9J1489H4)\.git\refs\heads
2020-11-18 05:06:25.994 PM | DELETED | C:\Users\hugo.danielson\Documents\WorkVisual 6.0\Repositories\mba6(PCRC-DU9J1489H4)\.git\HEAD.lock
2020-11-18 05:06:25.994 PM | CHANGED | C:\Users\hugo.danielson\Documents\WorkVisual 6.0\Repositories\mba6(PCRC-DU9J1489H4)\.git
2020-11-18 05:06:26.019 PM | CREATED | C:\Users\hugo.danielson\Documents\WorkVisual 6.0\Repositories\mba6(PCRC-DU9J1489H4)\.git\objects\maintenance.lock
2020-11-18 05:06:26.019 PM | CHANGED | C:\Users\hugo.danielson\Documents\WorkVisual 6.0\Repositories\mba6(PCRC-DU9J1489H4)\.git\objects
2020-11-18 05:06:26.020 PM | DELETED | C:\Users\hugo.danielson\Documents\WorkVisual 6.0\Repositories\mba6(PCRC-DU9J1489H4)\.git\objects\maintenance.lock
2020-11-18 05:06:26.093 PM | CHANGED | C:\Users\hugo.danielson\Documents\WorkVisual 6.0\Repositories\mba6(PCRC-DU9J1489H4)\.git\objects
2020-11-18 05:06:47.546 PM | CREATED | C:\Users\hugo.danielson\Documents\WorkVisual 6.0\Repositories\mba6(PCRC-DU9J1489H4)\.git\config.lock
2020-11-18 05:06:47.546 PM | CHANGED | C:\Users\hugo.danielson\Documents\WorkVisual 6.0\Repositories\mba6(PCRC-DU9J1489H4)\.git\config.lock
2020-11-18 05:06:47.546 PM | CHANGED | C:\Users\hugo.danielson\Documents\WorkVisual 6.0\Repositories\mba6(PCRC-DU9J1489H4)\.git
2020-11-18 05:06:47.548 PM | DELETED | C:\Users\hugo.danielson\Documents\WorkVisual 6.0\Repositories\mba6(PCRC-DU9J1489H4)\.git\config.lock
2020-11-18 05:06:47.548 PM | CHANGED | C:\Users\hugo.danielson\Documents\WorkVisual 6.0\Repositories\mba6(PCRC-DU9J1489H4)\.git\config
2020-11-18 05:06:47.548 PM | CHANGED | C:\Users\hugo.danielson\Documents\WorkVisual 6.0\Repositories\mba6(PCRC-DU9J1489H4)\.git
2020-11-18 05:06:47.548 PM | CREATED | C:\Users\hugo.danielson\Documents\WorkVisual 6.0\Repositories\mba6(PCRC-DU9J1489H4)\.git\config.lock
2020-11-18 05:06:47.548 PM | CHANGED | C:\Users\hugo.danielson\Documents\WorkVisual 6.0\Repositories\mba6(PCRC-DU9J1489H4)\.git\config.lock
2020-11-18 05:06:47.548 PM | CHANGED | C:\Users\hugo.danielson\Documents\WorkVisual 6.0\Repositories\mba6(PCRC-DU9J1489H4)\.git
2020-11-18 05:06:47.549 PM | DELETED | C:\Users\hugo.danielson\Documents\WorkVisual 6.0\Repositories\mba6(PCRC-DU9J1489H4)\.git\config.lock
2020-11-18 05:06:47.549 PM | CHANGED | C:\Users\hugo.danielson\Documents\WorkVisual 6.0\Repositories\mba6(PCRC-DU9J1489H4)\.git\config
2020-11-18 05:06:47.549 PM | CHANGED | C:\Users\hugo.danielson\Documents\WorkVisual 6.0\Repositories\mba6(PCRC-DU9J1489H4)\.git
2020-11-18 05:06:47.549 PM | CREATED | C:\Users\hugo.danielson\Documents\WorkVisual 6.0\Repositories\mba6(PCRC-DU9J1489H4)\.git\refs\remotes\ChinaMilling\CleanCut.lock
2020-11-18 05:06:47.549 PM | CHANGED | C:\Users\hugo.danielson\Documents\WorkVisual 6.0\Repositories\mba6(PCRC-DU9J1489H4)\.git\refs\remotes\ChinaMilling\CleanCut.lock
2020-11-18 05:06:47.549 PM | CHANGED | C:\Users\hugo.danielson\Documents\WorkVisual 6.0\Repositories\mba6(PCRC-DU9J1489H4)\.git\logs\refs\remotes\ChinaMilling\CleanCut
2020-11-18 05:06:47.549 PM | CHANGED | C:\Users\hugo.danielson\Documents\WorkVisual 6.0\Repositories\mba6(PCRC-DU9J1489H4)\.git\refs\remotes\ChinaMilling
2020-11-18 05:06:47.550 PM | DELETED | C:\Users\hugo.danielson\Documents\WorkVisual 6.0\Repositories\mba6(PCRC-DU9J1489H4)\.git\refs\remotes\ChinaMilling\CleanCut.lock
2020-11-18 05:06:47.550 PM | CHANGED | C:\Users\hugo.danielson\Documents\WorkVisual 6.0\Repositories\mba6(PCRC-DU9J1489H4)\.git\refs\remotes\ChinaMilling\CleanCut
2020-11-18 05:06:47.550 PM | CHANGED | C:\Users\hugo.danielson\Documents\WorkVisual 6.0\Repositories\mba6(PCRC-DU9J1489H4)\.git\refs\remotes\ChinaMilling
2020-11-18 05:06:47.657 PM | CHANGED | C:\Users\hugo.danielson\Documents\WorkVisual 6.0\Repositories\mba6(PCRC-DU9J1489H4)\Modifications.xml
2020-11-18 05:06:47.657 PM | CHANGED | C:\Users\hugo.danielson\Documents\WorkVisual 6.0\Repositories\mba6(PCRC-DU9J1489H4)\Modifications.xml
